<?xml version="1.0" encoding="UTF-8"?>
<testsuite name="com.reactivespring.demo.ApplicationTests" tests="1" skipped="0" failures="0" errors="0" timestamp="2018-09-27T11:03:29" hostname="Ayeshas-MBP.gateway" time="0.058">
  <properties/>
  <testcase name="contextLoads" classname="com.reactivespring.demo.ApplicationTests" time="0.058"/>
  <system-out><![CDATA[21:03:27.399 [Test worker] DEBUG org.springframework.test.context.junit4.SpringJUnit4ClassRunner - SpringJUnit4ClassRunner constructor called with [class com.reactivespring.demo.ApplicationTests]
21:03:27.405 [Test worker] DEBUG org.springframework.test.context.BootstrapUtils - Instantiating CacheAwareContextLoaderDelegate from class [org.springframework.test.context.cache.DefaultCacheAwareContextLoaderDelegate]
21:03:27.410 [Test worker] DEBUG org.springframework.test.context.BootstrapUtils - Instantiating BootstrapContext using constructor [public org.springframework.test.context.support.DefaultBootstrapContext(java.lang.Class,org.springframework.test.context.CacheAwareContextLoaderDelegate)]
21:03:27.421 [Test worker] DEBUG org.springframework.test.context.BootstrapUtils - Instantiating TestContextBootstrapper for test class [com.reactivespring.demo.ApplicationTests] from class [org.springframework.boot.test.context.SpringBootTestContextBootstrapper]
21:03:27.428 [Test worker] INFO org.springframework.boot.test.context.SpringBootTestContextBootstrapper - Neither @ContextConfiguration nor @ContextHierarchy found for test class [com.reactivespring.demo.ApplicationTests], using SpringBootContextLoader
21:03:27.430 [Test worker] DEBUG org.springframework.test.context.support.AbstractContextLoader - Did not detect default resource location for test class [com.reactivespring.demo.ApplicationTests]: class path resource [com/reactivespring/demo/ApplicationTests-context.xml] does not exist
21:03:27.431 [Test worker] DEBUG org.springframework.test.context.support.AbstractContextLoader - Did not detect default resource location for test class [com.reactivespring.demo.ApplicationTests]: class path resource [com/reactivespring/demo/ApplicationTestsContext.groovy] does not exist
21:03:27.431 [Test worker] INFO org.springframework.test.context.support.AbstractContextLoader - Could not detect default resource locations for test class [com.reactivespring.demo.ApplicationTests]: no resource found for suffixes {-context.xml, Context.groovy}.
21:03:27.432 [Test worker] INFO org.springframework.test.context.support.AnnotationConfigContextLoaderUtils - Could not detect default configuration classes for test class [com.reactivespring.demo.ApplicationTests]: ApplicationTests does not declare any static, non-private, non-final, nested classes annotated with @Configuration.
21:03:27.454 [Test worker] DEBUG org.springframework.test.context.support.ActiveProfilesUtils - Could not find an 'annotation declaring class' for annotation type [org.springframework.test.context.ActiveProfiles] and class [com.reactivespring.demo.ApplicationTests]
21:03:27.459 [Test worker] DEBUG org.springframework.core.env.StandardEnvironment - Adding PropertySource 'systemProperties' with lowest search precedence
21:03:27.459 [Test worker] DEBUG org.springframework.core.env.StandardEnvironment - Adding PropertySource 'systemEnvironment' with lowest search precedence
21:03:27.459 [Test worker] DEBUG org.springframework.core.env.StandardEnvironment - Initialized StandardEnvironment with PropertySources [MapPropertySource@2055876617 {name='systemProperties', properties={gopherProxySet=false, awt.toolkit=sun.lwawt.macosx.LWCToolkit, java.specification.version=11, sun.cpu.isalist=, sun.jnu.encoding=UTF-8, org.gradle.test.worker=1, java.class.path=/Users/ayesha/.gradle/caches/4.10.2/workerMain/gradle-worker.jar:/Users/ayesha/dev/springboot-reactive-demo/spring-data-with-redis/build/classes/java/test:/Users/ayesha/dev/springboot-reactive-demo/spring-data-with-redis/build/resources/test:/Users/ayesha/dev/springboot-reactive-demo/spring-data-with-redis/build/classes/java/main:/Users/ayesha/dev/springboot-reactive-demo/spring-data-with-redis/build/resources/main:/Users/ayesha/.gradle/caches/modules-2/files-2.1/org.springframework.boot/spring-boot-starter-actuator/2.0.5.RELEASE/d5153c71f55aa39593fb6295790aad7cd81ef296/spring-boot-starter-actuator-2.0.5.RELEASE.jar:/Users/ayesha/.gradle/caches/modules-2/files-2.1/org.springframework.boot/spring-boot-starter-data-redis-reactive/2.0.5.RELEASE/1df29b46c75457550eef3dc30d28a44e826da197/spring-boot-starter-data-redis-reactive-2.0.5.RELEASE.jar:/Users/ayesha/.gradle/caches/modules-2/files-2.1/org.springframework.boot/spring-boot-starter-webflux/2.0.5.RELEASE/c7ff5031bd64fd28320dd46780376da4852d44a8/spring-boot-starter-webflux-2.0.5.RELEASE.jar:/Users/ayesha/.gradle/caches/modules-2/files-2.1/org.springframework.boot/spring-boot-starter-test/2.0.5.RELEASE/ab04ca2e76f6a8e786001352a81a10e4b0e7fbc8/spring-boot-starter-test-2.0.5.RELEASE.jar:/Users/ayesha/.gradle/caches/modules-2/files-2.1/junit/junit/4.12/2973d150c0dc1fefe998f834810d68f278ea58ec/junit-4.12.jar:/Users/ayesha/.gradle/caches/modules-2/files-2.1/io.projectreactor/reactor-test/3.1.9.RELEASE/8a2432f326e8eccfbb9e9d6a01c988f535944656/reactor-test-3.1.9.RELEASE.jar:/Users/ayesha/.gradle/caches/modules-2/files-2.1/org.springframework.boot/spring-boot-starter-data-redis/2.0.5.RELEASE/c9db53292d9523ad038eb084f56951202c0e39bd/spring-boot-starter-data-redis-2.0.5.RELEASE.jar:/Users/ayesha/.gradle/caches/modules-2/files-2.1/org.springframework.boot/spring-boot-starter-json/2.0.5.RELEASE/d0052ded4733ceb1fb7d927238f22f9a92099227/spring-boot-starter-json-2.0.5.RELEASE.jar:/Users/ayesha/.gradle/caches/modules-2/files-2.1/org.springframework.boot/spring-boot-starter/2.0.5.RELEASE/1f53487a373be18d064a5815e9bac9882ef15cdc/spring-boot-starter-2.0.5.RELEASE.jar:/Users/ayesha/.gradle/caches/modules-2/files-2.1/org.springframework.boot/spring-boot-actuator-autoconfigure/2.0.5.RELEASE/b29cda343b80e9294646070a5e0d353c3f9f01d1/spring-boot-actuator-autoconfigure-2.0.5.RELEASE.jar:/Users/ayesha/.gradle/caches/modules-2/files-2.1/io.micrometer/micrometer-core/1.0.6/50299bc8a34c251d62311bbb1a297f3942a82e42/micrometer-core-1.0.6.jar:/Users/ayesha/.gradle/caches/modules-2/files-2.1/org.springframework.boot/spring-boot-starter-reactor-netty/2.0.5.RELEASE/baa5267f2780271176b2a8aba66bac3acb7c4c/spring-boot-starter-reactor-netty-2.0.5.RELEASE.jar:/Users/ayesha/.gradle/caches/modules-2/files-2.1/org.hibernate.validator/hibernate-validator/6.0.12.Final/478003e61b056c1f97840ba3e62ff31cdc89597/hibernate-validator-6.0.12.Final.jar:/Users/ayesha/.gradle/caches/modules-2/files-2.1/org.springframework/spring-webflux/5.0.9.RELEASE/18cb6f4030f08544155651eb362bcc2c6c3a666c/spring-webflux-5.0.9.RELEASE.jar:/Users/ayesha/.gradle/caches/modules-2/files-2.1/org.springframework/spring-web/5.0.9.RELEASE/1ea3aab93340849313fa74ec626ddaf1fff9ed8e/spring-web-5.0.9.RELEASE.jar:/Users/ayesha/.gradle/caches/modules-2/files-2.1/org.synchronoss.cloud/nio-multipart-parser/1.1.0/c6c417fec6612584b1c34d4dd98c5a4e47e8c754/nio-multipart-parser-1.1.0.jar:/Users/ayesha/.gradle/caches/modules-2/files-2.1/org.hamcrest/hamcrest-library/1.3/4785a3c21320980282f9f33d0d1264a69040538f/hamcrest-library-1.3.jar:/Users/ayesha/.gradle/caches/modules-2/files-2.1/org.hamcrest/hamcrest-core/1.3/42a25dc3219429f0e5d060061f71acb49bf010a0/hamcrest-core-1.3.jar:/Users/ayesha/.gradle/caches/modules-2/files-2.1/org.springframework.boot/spring-boot-test-autoconfigure/2.0.5.RELEASE/54d5e8f9e88c6236fe164474f0aed5a8a1052c43/spring-boot-test-autoconfigure-2.0.5.RELEASE.jar:/Users/ayesha/.gradle/caches/modules-2/files-2.1/org.springframework.boot/spring-boot-test/2.0.5.RELEASE/ce6353f33217982357a6bdba6576015ea333304c/spring-boot-test-2.0.5.RELEASE.jar:/Users/ayesha/.gradle/caches/modules-2/files-2.1/com.jayway.jsonpath/json-path/2.4.0/765a4401ceb2dc8d40553c2075eb80a8fa35c2ae/json-path-2.4.0.jar:/Users/ayesha/.gradle/caches/modules-2/files-2.1/org.assertj/assertj-core/3.9.1/c5ce126b15f28d56cd8f960c1a6a058b9c9aea87/assertj-core-3.9.1.jar:/Users/ayesha/.gradle/caches/modules-2/files-2.1/org.mockito/mockito-core/2.15.0/b84bfbbc29cd22c9529409627af6ea2897f4fa85/mockito-core-2.15.0.jar:/Users/ayesha/.gradle/caches/modules-2/files-2.1/org.skyscreamer/jsonassert/1.5.0/6c9d5fe2f59da598d9aefc1cfc6528ff3cf32df3/jsonassert-1.5.0.jar:/Users/ayesha/.gradle/caches/modules-2/files-2.1/org.springframework/spring-test/5.0.9.RELEASE/218c8648f898453be92d550252e0ce2a84b54375/spring-test-5.0.9.RELEASE.jar:/Users/ayesha/.gradle/caches/modules-2/files-2.1/org.springframework.boot/spring-boot-autoconfigure/2.0.5.RELEASE/e5588642799e0c0c04638e255c3d3f31ba400ff4/spring-boot-autoconfigure-2.0.5.RELEASE.jar:/Users/ayesha/.gradle/caches/modules-2/files-2.1/org.springframework.boot/spring-boot-actuator/2.0.5.RELEASE/7daa40cc91678aee37009b595c4cee4b05de3d68/spring-boot-actuator-2.0.5.RELEASE.jar:/Users/ayesha/.gradle/caches/modules-2/files-2.1/org.springframework.boot/spring-boot/2.0.5.RELEASE/19a4624cbd89a318d10c79f289c6c816043850fb/spring-boot-2.0.5.RELEASE.jar:/Users/ayesha/.gradle/caches/modules-2/files-2.1/org.springframework.data/spring-data-redis/2.0.10.RELEASE/bcfe73fc0b07e11cbdbe7c6c1793050f84669306/spring-data-redis-2.0.10.RELEASE.jar:/Users/ayesha/.gradle/caches/modules-2/files-2.1/org.springframework.data/spring-data-keyvalue/2.0.10.RELEASE/33a364f2b99977a096b95ca73052896f008feafd/spring-data-keyvalue-2.0.10.RELEASE.jar:/Users/ayesha/.gradle/caches/modules-2/files-2.1/org.springframework/spring-context-support/5.0.9.RELEASE/70513a5860ced0660834bc590b435fc7b73902ea/spring-context-support-5.0.9.RELEASE.jar:/Users/ayesha/.gradle/caches/modules-2/files-2.1/org.springframework/spring-context/5.0.9.RELEASE/2501e55acb6c2e84667cda3f845d1d00a0dc4e05/spring-context-5.0.9.RELEASE.jar:/Users/ayesha/.gradle/caches/modules-2/files-2.1/org.springframework/spring-aop/5.0.9.RELEASE/98003b099697fe46b6bdf18c7e3f66d7a1381060/spring-aop-5.0.9.RELEASE.jar:/Users/ayesha/.gradle/caches/modules-2/files-2.1/org.springframework/spring-tx/5.0.9.RELEASE/d3a13fc3c56bdddd8144a686ed64f0cdb3ad7305/spring-tx-5.0.9.RELEASE.jar:/Users/ayesha/.gradle/caches/modules-2/files-2.1/org.springframework/spring-oxm/5.0.9.RELEASE/917a7d5ef27fdd3dc523d191c7505677144d4ec7/spring-oxm-5.0.9.RELEASE.jar:/Users/ayesha/.gradle/caches/modules-2/files-2.1/org.springframework.data/spring-data-commons/2.0.10.RELEASE/64d4e58a2b16b9446d51a2650058d821a5bce98d/spring-data-commons-2.0.10.RELEASE.jar:/Users/ayesha/.gradle/caches/modules-2/files-2.1/org.springframework/spring-beans/5.0.9.RELEASE/65f56fdab1bb90ad059e314d2f2f4cf76f9bdbde/spring-beans-5.0.9.RELEASE.jar:/Users/ayesha/.gradle/caches/modules-2/files-2.1/org.springframework/spring-expression/5.0.9.RELEASE/1f9db5ff3a758102c0434cc3457aa47c50c39a4a/spring-expression-5.0.9.RELEASE.jar:/Users/ayesha/.gradle/caches/modules-2/files-2.1/org.springframework/spring-core/5.0.9.RELEASE/9f9a828936d81afd49a603bda9cc1aed863a0d85/spring-core-5.0.9.RELEASE.jar:/Users/ayesha/.gradle/caches/modules-2/files-2.1/org.xmlunit/xmlunit-core/2.5.1/4ffdb346572a7356f7521cd3119ce5287d2e339d/xmlunit-core-2.5.1.jar:/Users/ayesha/.gradle/caches/modules-2/files-2.1/io.lettuce/lettuce-core/5.0.5.RELEASE/d6263965c5dfa8c440940842e2bbfece0044b7f6/lettuce-core-5.0.5.RELEASE.jar:/Users/ayesha/.gradle/caches/modules-2/files-2.1/io.projectreactor.ipc/reactor-netty/0.7.9.RELEASE/7167a222a039cf93c5a7750ada171f6cf32fc4e3/reactor-netty-0.7.9.RELEASE.jar:/Users/ayesha/.gradle/caches/modules-2/files-2.1/io.projectreactor/reactor-core/3.1.9.RELEASE/5281f98208db5835c5b59c1e384602ea3ad05322/reactor-core-3.1.9.RELEASE.jar:/Users/ayesha/.gradle/caches/modules-2/files-2.1/org.springframework.boot/spring-boot-starter-logging/2.0.5.RELEASE/c353e0b9591d0765c687ff0a678478cbebfd5c23/spring-boot-starter-logging-2.0.5.RELEASE.jar:/Users/ayesha/.gradle/caches/modules-2/files-2.1/javax.annotation/javax.annotation-api/1.3.2/934c04d3cfef185a8008e7bf34331b79730a9d43/javax.annotation-api-1.3.2.jar:/Users/ayesha/.gradle/caches/modules-2/files-2.1/org.yaml/snakeyaml/1.19/2d998d3d674b172a588e54ab619854d073f555b5/snakeyaml-1.19.jar:/Users/ayesha/.gradle/caches/modules-2/files-2.1/com.fasterxml.jackson.datatype/jackson-datatype-jsr310/2.9.6/ea54f6193d224e5e5732bbd4262327eb465397c2/jackson-datatype-jsr310-2.9.6.jar:/Users/ayesha/.gradle/caches/modules-2/files-2.1/com.fasterxml.jackson.datatype/jackson-datatype-jdk8/2.9.6/456895fc91bf7180b216fead220373e6278230c9/jackson-datatype-jdk8-2.9.6.jar:/Users/ayesha/.gradle/caches/modules-2/files-2.1/com.fasterxml.jackson.module/jackson-module-parameter-names/2.9.6/129acd77a4b6ee30d62d3a0899b1344c8ec2bff8/jackson-module-parameter-names-2.9.6.jar:/Users/ayesha/.gradle/caches/modules-2/files-2.1/com.fasterxml.jackson.core/jackson-databind/2.9.6/cfa4f316351a91bfd95cb0644c6a2c95f52db1fc/jackson-databind-2.9.6.jar:/Users/ayesha/.gradle/caches/modules-2/files-2.1/org.hdrhistogram/HdrHistogram/2.1.10/9e1ac84eed220281841b75e72fb9de5a297fbf04/HdrHistogram-2.1.10.jar:/Users/ayesha/.gradle/caches/modules-2/files-2.1/org.latencyutils/LatencyUtils/2.0.3/769c0b82cb2421c8256300e907298a9410a2a3d3/LatencyUtils-2.0.3.jar:/Users/ayesha/.gradle/caches/modules-2/files-2.1/javax.validation/validation-api/2.0.1.Final/cb855558e6271b1b32e716d24cb85c7f583ce09e/validation-api-2.0.1.Final.jar:/Users/ayesha/.gradle/caches/modules-2/files-2.1/org.jboss.logging/jboss-logging/3.3.2.Final/3789d00e859632e6c6206adc0c71625559e6e3b0/jboss-logging-3.3.2.Final.jar:/Users/ayesha/.gradle/caches/modules-2/files-2.1/com.fasterxml/classmate/1.3.4/3d5f48f10bbe4eb7bd862f10c0583be2e0053c6/classmate-1.3.4.jar:/Users/ayesha/.gradle/caches/modules-2/files-2.1/org.synchronoss.cloud/nio-stream-storage/1.1.3/986dba5f6e5eed20f0dba6ddc8e8a64a9ebdc2f3/nio-stream-storage-1.1.3.jar:/Users/ayesha/.gradle/caches/modules-2/files-2.1/ch.qos.logback/logback-classic/1.2.3/7c4f3c474fb2c041d8028740440937705ebb473a/logback-classic-1.2.3.jar:/Users/ayesha/.gradle/caches/modules-2/files-2.1/org.apache.logging.log4j/log4j-to-slf4j/2.10.0/f7e631ccf49cfc0aefa4a2a728da7d374c05bd3c/log4j-to-slf4j-2.10.0.jar:/Users/ayesha/.gradle/caches/modules-2/files-2.1/org.slf4j/jul-to-slf4j/1.7.25/af5364cd6679bfffb114f0dec8a157aaa283b76/jul-to-slf4j-1.7.25.jar:/Users/ayesha/.gradle/caches/modules-2/files-2.1/org.slf4j/slf4j-api/1.7.25/da76ca59f6a57ee3102f8f9bd9cee742973efa8a/slf4j-api-1.7.25.jar:/Users/ayesha/.gradle/caches/modules-2/files-2.1/net.minidev/json-smart/2.3/7396407491352ce4fa30de92efb158adb76b5b/json-smart-2.3.jar:/Users/ayesha/.gradle/caches/modules-2/files-2.1/net.bytebuddy/byte-buddy/1.7.11/f02857a4e2c66ccbe7aaad6100a0a6c461bce9b3/byte-buddy-1.7.11.jar:/Users/ayesha/.gradle/caches/modules-2/files-2.1/net.bytebuddy/byte-buddy-agent/1.7.11/b425a8933ca07edd03c6dbc8bc3b595fba9780de/byte-buddy-agent-1.7.11.jar:/Users/ayesha/.gradle/caches/modules-2/files-2.1/org.objenesis/objenesis/2.6/639033469776fd37c08358c6b92a4761feb2af4b/objenesis-2.6.jar:/Users/ayesha/.gradle/caches/modules-2/files-2.1/com.vaadin.external.google/android-json/0.0.20131108.vaadin1/fa26d351fe62a6a17f5cda1287c1c6110dec413f/android-json-0.0.20131108.vaadin1.jar:/Users/ayesha/.gradle/caches/modules-2/files-2.1/org.springframework/spring-jcl/5.0.9.RELEASE/bc3b5aaae53f0bc03647e53ecbd98a05b47a4e90/spring-jcl-5.0.9.RELEASE.jar:/Users/ayesha/.gradle/caches/modules-2/files-2.1/org.reactivestreams/reactive-streams/1.0.2/323964c36556eb0e6209f65c1cef72b53b461ab8/reactive-streams-1.0.2.jar:/Users/ayesha/.gradle/caches/modules-2/files-2.1/com.fasterxml.jackson.core/jackson-annotations/2.9.0/7c10d545325e3a6e72e06381afe469fd40eb701/jackson-annotations-2.9.0.jar:/Users/ayesha/.gradle/caches/modules-2/files-2.1/com.fasterxml.jackson.core/jackson-core/2.9.6/4e393793c37c77e042ccc7be5a914ae39251b365/jackson-core-2.9.6.jar:/Users/ayesha/.gradle/caches/modules-2/files-2.1/io.netty/netty-transport-native-epoll/4.1.29.Final/6a6f8c47911c4f5af0ae210c4c0db17d971f553f/netty-transport-native-epoll-4.1.29.Final-linux-x86_64.jar:/Users/ayesha/.gradle/caches/modules-2/files-2.1/io.netty/netty-handler/4.1.29.Final/1acf1d94799296a2517533ec75ce7e155e9c4ea7/netty-handler-4.1.29.Final.jar:/Users/ayesha/.gradle/caches/modules-2/files-2.1/io.netty/netty-handler-proxy/4.1.29.Final/67e9473ac043b4d173ac9d620d43eb428ecc408a/netty-handler-proxy-4.1.29.Final.jar:/Users/ayesha/.gradle/caches/modules-2/files-2.1/io.netty/netty-codec-http/4.1.29.Final/454688b88cea27a4d407202d1fc79a6522345b5e/netty-codec-http-4.1.29.Final.jar:/Users/ayesha/.gradle/caches/modules-2/files-2.1/io.netty/netty-codec-socks/4.1.29.Final/f687150259de44f0ff7b37a449f1a1bf6f20e992/netty-codec-socks-4.1.29.Final.jar:/Users/ayesha/.gradle/caches/modules-2/files-2.1/io.netty/netty-codec/4.1.29.Final/1651bc2e279216773c234cafe402d68d2a5adc90/netty-codec-4.1.29.Final.jar:/Users/ayesha/.gradle/caches/modules-2/files-2.1/io.netty/netty-transport-native-unix-common/4.1.29.Final/9c9f88ca57873b3c00489ae74fb80bb0cd02d986/netty-transport-native-unix-common-4.1.29.Final.jar:/Users/ayesha/.gradle/caches/modules-2/files-2.1/io.netty/netty-transport/4.1.29.Final/c190b90f70e2ae8a48c068afad709e8728fcaa39/netty-transport-4.1.29.Final.jar:/Users/ayesha/.gradle/caches/modules-2/files-2.1/io.netty/netty-buffer/4.1.29.Final/c3809f72e4b535b343b7dfa3c0c8210dad2fa5ea/netty-buffer-4.1.29.Final.jar:/Users/ayesha/.gradle/caches/modules-2/files-2.1/io.netty/netty-resolver/4.1.29.Final/bbec1dc913732e4773893c14d795b15d6c1e878e/netty-resolver-4.1.29.Final.jar:/Users/ayesha/.gradle/caches/modules-2/files-2.1/io.netty/netty-common/4.1.29.Final/a5d6a735ed07d8f197daa48db7f097cfc971ee5e/netty-common-4.1.29.Final.jar:/Users/ayesha/.gradle/caches/modules-2/files-2.1/net.minidev/accessors-smart/1.2/c592b500269bfde36096641b01238a8350f8aa31/accessors-smart-1.2.jar:/Users/ayesha/.gradle/caches/modules-2/files-2.1/ch.qos.logback/logback-core/1.2.3/864344400c3d4d92dfeb0a305dc87d953677c03c/logback-core-1.2.3.jar:/Users/ayesha/.gradle/caches/modules-2/files-2.1/org.apache.logging.log4j/log4j-api/2.10.0/fec5797a55b786184a537abd39c3fa1449d752d6/log4j-api-2.10.0.jar:/Users/ayesha/.gradle/caches/modules-2/files-2.1/org.ow2.asm/asm/5.0.4/da08b8cce7bbf903602a25a3a163ae252435795/asm-5.0.4.jar, java.vm.vendor=Oracle Corporation, sun.arch.data.model=64, user.variant=, java.vendor.url=http://java.oracle.com/, user.timezone=Australia/Melbourne, os.name=Mac OS X, java.vm.specification.version=11, user.country=AU, sun.java.launcher=SUN_STANDARD, sun.boot.library.path=/Library/Java/JavaVirtualMachines/jdk-11.jdk/Contents/Home/lib, sun.java.command=worker.org.gradle.process.internal.worker.GradleWorkerMain 'Gradle Test Executor 1', http.nonProxyHosts=local|*.local|169.254/16|*.169.254/16, jdk.debug=release, sun.cpu.endian=little, user.home=/Users/ayesha, user.language=en, java.specification.vendor=Oracle Corporation, org.gradle.native=false, java.version.date=2018-09-25, java.home=/Library/Java/JavaVirtualMachines/jdk-11.jdk/Contents/Home, file.separator=/, java.vm.compressedOopsMode=Zero based, line.separator=
, java.specification.name=Java Platform API Specification, java.vm.specification.vendor=Oracle Corporation, java.awt.graphicsenv=sun.awt.CGraphicsEnvironment, sun.management.compiler=HotSpot 64-Bit Tiered Compilers, ftp.nonProxyHosts=local|*.local|169.254/16|*.169.254/16, java.runtime.version=11+28, user.name=ayesha, path.separator=:, os.version=10.14, java.runtime.name=Java(TM) SE Runtime Environment, file.encoding=UTF-8, java.vm.name=Java HotSpot(TM) 64-Bit Server VM, java.vendor.version=18.9, java.vendor.url.bug=http://bugreport.java.com/bugreport/, java.io.tmpdir=/var/folders/dh/xcs2nwsx147_lhq7678r2b980000gn/T/, java.version=11, user.dir=/Users/ayesha/dev/springboot-reactive-demo/spring-data-with-redis, os.arch=x86_64, java.vm.specification.name=Java Virtual Machine Specification, java.awt.printerjob=sun.lwawt.macosx.CPrinterJob, sun.os.patch.level=unknown, java.library.path=/Users/ayesha/Library/Java/Extensions:/Library/Java/Extensions:/Network/Library/Java/Extensions:/System/Library/Java/Extensions:/usr/lib/java:., java.vendor=Oracle Corporation, java.vm.info=mixed mode, java.vm.version=11+28, sun.io.unicode.encoding=UnicodeBig, java.class.version=55.0, socksNonProxyHosts=local|*.local|169.254/16|*.169.254/16}}, SystemEnvironmentPropertySource@2125459357 {name='systemEnvironment', properties={APP_ICON_12693=/usr/local/Cellar/gradle/4.10.2/libexec/media/gradle.icns, PATH=/usr/local/bin:/usr/bin:/bin:/usr/sbin:/sbin:/home/username/bin:/usr/local/homebrew, JAVA_HOME=/Library/Java/JavaVirtualMachines/jdk-11.jdk/Contents/Home, APP_NAME_12693=Gradle, TERM=xterm-256color, LANG=en_AU.UTF-8, LOGNAME=ayesha, XPC_SERVICE_NAME=0, PWD=/Users/ayesha/dev/springboot-reactive-demo, TERM_PROGRAM_VERSION=421, SHELL=/bin/bash, TERM_PROGRAM=Apple_Terminal, JAVA_MAIN_CLASS_12705=worker.org.gradle.process.internal.worker.GradleWorkerMain, SECURITYSESSIONID=186ab, OLDPWD=/usr/local/Cellar/gradle/4.10.2/libexec, USER=ayesha, TMPDIR=/var/folders/dh/xcs2nwsx147_lhq7678r2b980000gn/T/, SSH_AUTH_SOCK=/private/tmp/com.apple.launchd.fB2gCKvbQR/Listeners, XPC_FLAGS=0x0, TERM_SESSION_ID=205BB986-9DB1-44C5-B3A8-215F70CD17E6, __CF_USER_TEXT_ENCODING=0x1F5:0x0:0xF, Apple_PubSub_Socket_Render=/private/tmp/com.apple.launchd.K9mhH8kp6U/Render, JAVA_MAIN_CLASS_12693=org.gradle.launcher.GradleMain, HOME=/Users/ayesha, SHLVL=1}}]
21:03:27.469 [Test worker] DEBUG org.springframework.core.io.support.PathMatchingResourcePatternResolver - Resolved classpath location [com/reactivespring/demo/] to resources [URL [file:/Users/ayesha/dev/springboot-reactive-demo/spring-data-with-redis/build/classes/java/test/com/reactivespring/demo/], URL [file:/Users/ayesha/dev/springboot-reactive-demo/spring-data-with-redis/build/classes/java/main/com/reactivespring/demo/]]
21:03:27.469 [Test worker] DEBUG org.springframework.core.io.support.PathMatchingResourcePatternResolver - Looking for matching resources in directory tree [/Users/ayesha/dev/springboot-reactive-demo/spring-data-with-redis/build/classes/java/test/com/reactivespring/demo]
21:03:27.469 [Test worker] DEBUG org.springframework.core.io.support.PathMatchingResourcePatternResolver - Searching directory [/Users/ayesha/dev/springboot-reactive-demo/spring-data-with-redis/build/classes/java/test/com/reactivespring/demo] for files matching pattern [/Users/ayesha/dev/springboot-reactive-demo/spring-data-with-redis/build/classes/java/test/com/reactivespring/demo/*.class]
21:03:27.471 [Test worker] DEBUG org.springframework.core.io.support.PathMatchingResourcePatternResolver - Looking for matching resources in directory tree [/Users/ayesha/dev/springboot-reactive-demo/spring-data-with-redis/build/classes/java/main/com/reactivespring/demo]
21:03:27.472 [Test worker] DEBUG org.springframework.core.io.support.PathMatchingResourcePatternResolver - Searching directory [/Users/ayesha/dev/springboot-reactive-demo/spring-data-with-redis/build/classes/java/main/com/reactivespring/demo] for files matching pattern [/Users/ayesha/dev/springboot-reactive-demo/spring-data-with-redis/build/classes/java/main/com/reactivespring/demo/*.class]
21:03:27.472 [Test worker] DEBUG org.springframework.core.io.support.PathMatchingResourcePatternResolver - Resolved location pattern [classpath*:com/reactivespring/demo/*.class] to resources [file [/Users/ayesha/dev/springboot-reactive-demo/spring-data-with-redis/build/classes/java/test/com/reactivespring/demo/ApplicationTests.class], file [/Users/ayesha/dev/springboot-reactive-demo/spring-data-with-redis/build/classes/java/main/com/reactivespring/demo/Application.class], file [/Users/ayesha/dev/springboot-reactive-demo/spring-data-with-redis/build/classes/java/main/com/reactivespring/demo/Config.class], file [/Users/ayesha/dev/springboot-reactive-demo/spring-data-with-redis/build/classes/java/main/com/reactivespring/demo/Game.class], file [/Users/ayesha/dev/springboot-reactive-demo/spring-data-with-redis/build/classes/java/main/com/reactivespring/demo/GameRepository.class]]
21:03:27.499 [Test worker] DEBUG org.springframework.context.annotation.ClassPathScanningCandidateComponentProvider - Identified candidate component class: file [/Users/ayesha/dev/springboot-reactive-demo/spring-data-with-redis/build/classes/java/main/com/reactivespring/demo/Application.class]
21:03:27.505 [Test worker] INFO org.springframework.boot.test.context.SpringBootTestContextBootstrapper - Found @SpringBootConfiguration com.reactivespring.demo.Application for test class com.reactivespring.demo.ApplicationTests
21:03:27.572 [Test worker] DEBUG org.springframework.boot.test.context.SpringBootTestContextBootstrapper - @TestExecutionListeners is not present for class [com.reactivespring.demo.ApplicationTests]: using defaults.
21:03:27.573 [Test worker] INFO org.springframework.boot.test.context.SpringBootTestContextBootstrapper - Loaded default TestExecutionListener class names from location [META-INF/spring.factories]: [org.springframework.boot.test.autoconfigure.restdocs.RestDocsTestExecutionListener, org.springframework.boot.test.autoconfigure.web.client.MockRestServiceServerResetTestExecutionListener, org.springframework.boot.test.autoconfigure.web.servlet.MockMvcPrintOnlyOnFailureTestExecutionListener, org.springframework.boot.test.autoconfigure.web.servlet.WebDriverTestExecutionListener, org.springframework.boot.test.mock.mockito.MockitoTestExecutionListener, org.springframework.boot.test.mock.mockito.ResetMocksTestExecutionListener, org.springframework.test.context.web.ServletTestExecutionListener, org.springframework.test.context.support.DirtiesContextBeforeModesTestExecutionListener, org.springframework.test.context.support.DependencyInjectionTestExecutionListener, org.springframework.test.context.support.DirtiesContextTestExecutionListener, org.springframework.test.context.transaction.TransactionalTestExecutionListener, org.springframework.test.context.jdbc.SqlScriptsTestExecutionListener]
21:03:27.578 [Test worker] DEBUG org.springframework.boot.test.context.SpringBootTestContextBootstrapper - Skipping candidate TestExecutionListener [org.springframework.test.context.web.ServletTestExecutionListener] due to a missing dependency. Specify custom listener classes or make the default listener classes and their required dependencies available. Offending class: [javax/servlet/ServletContext]
21:03:27.582 [Test worker] INFO org.springframework.boot.test.context.SpringBootTestContextBootstrapper - Using TestExecutionListeners: [org.springframework.test.context.support.DirtiesContextBeforeModesTestExecutionListener@470f939a, org.springframework.boot.test.mock.mockito.MockitoTestExecutionListener@42eae038, org.springframework.boot.test.autoconfigure.SpringBootDependencyInjectionTestExecutionListener@fb22dfb, org.springframework.test.context.support.DirtiesContextTestExecutionListener@510e665e, org.springframework.test.context.transaction.TransactionalTestExecutionListener@6a26bca6, org.springframework.test.context.jdbc.SqlScriptsTestExecutionListener@7f586afa, org.springframework.boot.test.autoconfigure.restdocs.RestDocsTestExecutionListener@619b4d1f, org.springframework.boot.test.autoconfigure.web.client.MockRestServiceServerResetTestExecutionListener@4385ebe4, org.springframework.boot.test.autoconfigure.web.servlet.MockMvcPrintOnlyOnFailureTestExecutionListener@1c99acbe, org.springframework.boot.test.autoconfigure.web.servlet.WebDriverTestExecutionListener@202a0a6d, org.springframework.boot.test.mock.mockito.ResetMocksTestExecutionListener@1b6248c2]
21:03:27.583 [Test worker] DEBUG org.springframework.test.annotation.ProfileValueUtils - Retrieved @ProfileValueSourceConfiguration [null] for test class [com.reactivespring.demo.ApplicationTests]
21:03:27.583 [Test worker] DEBUG org.springframework.test.annotation.ProfileValueUtils - Retrieved ProfileValueSource type [class org.springframework.test.annotation.SystemProfileValueSource] for class [com.reactivespring.demo.ApplicationTests]
21:03:27.584 [Test worker] DEBUG org.springframework.test.annotation.ProfileValueUtils - Retrieved @ProfileValueSourceConfiguration [null] for test class [com.reactivespring.demo.ApplicationTests]
21:03:27.584 [Test worker] DEBUG org.springframework.test.annotation.ProfileValueUtils - Retrieved ProfileValueSource type [class org.springframework.test.annotation.SystemProfileValueSource] for class [com.reactivespring.demo.ApplicationTests]
21:03:27.587 [Test worker] DEBUG org.springframework.test.context.support.AbstractDirtiesContextTestExecutionListener - Before test class: context [DefaultTestContext@51b6d5f7 testClass = ApplicationTests, testInstance = [null], testMethod = [null], testException = [null], mergedContextConfiguration = [ReactiveWebMergedContextConfiguration@7b9a53f7 testClass = ApplicationTests, locations = '{}', classes = '{class com.reactivespring.demo.Application}', contextInitializerClasses = '[]', activeProfiles = '{}', propertySourceLocations = '{}', propertySourceProperties = '{org.springframework.boot.test.context.SpringBootTestContextBootstrapper=true}', contextCustomizers = set[org.springframework.boot.test.autoconfigure.properties.PropertyMappingContextCustomizer@0, org.springframework.boot.test.autoconfigure.web.servlet.WebDriverContextCustomizerFactory$Customizer@c4a0af1, org.springframework.boot.test.context.filter.ExcludeFilterContextCustomizer@5d3a11e5, org.springframework.boot.test.json.DuplicateJsonObjectContextCustomizerFactory$DuplicateJsonObjectContextCustomizer@370d190c, org.springframework.boot.test.mock.mockito.MockitoContextCustomizer@0, org.springframework.boot.test.web.client.TestRestTemplateContextCustomizer@6f7523f9, org.springframework.boot.test.web.reactive.server.WebTestClientContextCustomizer@638aafb5], contextLoader = 'org.springframework.boot.test.context.SpringBootContextLoader', parent = [null]], attributes = map[[empty]]], class annotated with @DirtiesContext [false] with mode [null].
21:03:27.587 [Test worker] DEBUG org.springframework.test.annotation.ProfileValueUtils - Retrieved @ProfileValueSourceConfiguration [null] for test class [com.reactivespring.demo.ApplicationTests]
21:03:27.587 [Test worker] DEBUG org.springframework.test.annotation.ProfileValueUtils - Retrieved ProfileValueSource type [class org.springframework.test.annotation.SystemProfileValueSource] for class [com.reactivespring.demo.ApplicationTests]
21:03:27.590 [Test worker] DEBUG org.springframework.test.context.support.DependencyInjectionTestExecutionListener - Performing dependency injection for test context [[DefaultTestContext@51b6d5f7 testClass = ApplicationTests, testInstance = com.reactivespring.demo.ApplicationTests@d2529f2, testMethod = [null], testException = [null], mergedContextConfiguration = [ReactiveWebMergedContextConfiguration@7b9a53f7 testClass = ApplicationTests, locations = '{}', classes = '{class com.reactivespring.demo.Application}', contextInitializerClasses = '[]', activeProfiles = '{}', propertySourceLocations = '{}', propertySourceProperties = '{org.springframework.boot.test.context.SpringBootTestContextBootstrapper=true}', contextCustomizers = set[org.springframework.boot.test.autoconfigure.properties.PropertyMappingContextCustomizer@0, org.springframework.boot.test.autoconfigure.web.servlet.WebDriverContextCustomizerFactory$Customizer@c4a0af1, org.springframework.boot.test.context.filter.ExcludeFilterContextCustomizer@5d3a11e5, org.springframework.boot.test.json.DuplicateJsonObjectContextCustomizerFactory$DuplicateJsonObjectContextCustomizer@370d190c, org.springframework.boot.test.mock.mockito.MockitoContextCustomizer@0, org.springframework.boot.test.web.client.TestRestTemplateContextCustomizer@6f7523f9, org.springframework.boot.test.web.reactive.server.WebTestClientContextCustomizer@638aafb5], contextLoader = 'org.springframework.boot.test.context.SpringBootContextLoader', parent = [null]], attributes = map[[empty]]]].
21:03:27.600 [Test worker] DEBUG org.springframework.core.env.StandardEnvironment - Adding PropertySource 'systemProperties' with lowest search precedence
21:03:27.601 [Test worker] DEBUG org.springframework.core.env.StandardEnvironment - Adding PropertySource 'systemEnvironment' with lowest search precedence
21:03:27.601 [Test worker] DEBUG org.springframework.core.env.StandardEnvironment - Initialized StandardEnvironment with PropertySources [MapPropertySource@1389818112 {name='systemProperties', properties={gopherProxySet=false, awt.toolkit=sun.lwawt.macosx.LWCToolkit, java.specification.version=11, sun.cpu.isalist=, sun.jnu.encoding=UTF-8, org.gradle.test.worker=1, java.class.path=/Users/ayesha/.gradle/caches/4.10.2/workerMain/gradle-worker.jar:/Users/ayesha/dev/springboot-reactive-demo/spring-data-with-redis/build/classes/java/test:/Users/ayesha/dev/springboot-reactive-demo/spring-data-with-redis/build/resources/test:/Users/ayesha/dev/springboot-reactive-demo/spring-data-with-redis/build/classes/java/main:/Users/ayesha/dev/springboot-reactive-demo/spring-data-with-redis/build/resources/main:/Users/ayesha/.gradle/caches/modules-2/files-2.1/org.springframework.boot/spring-boot-starter-actuator/2.0.5.RELEASE/d5153c71f55aa39593fb6295790aad7cd81ef296/spring-boot-starter-actuator-2.0.5.RELEASE.jar:/Users/ayesha/.gradle/caches/modules-2/files-2.1/org.springframework.boot/spring-boot-starter-data-redis-reactive/2.0.5.RELEASE/1df29b46c75457550eef3dc30d28a44e826da197/spring-boot-starter-data-redis-reactive-2.0.5.RELEASE.jar:/Users/ayesha/.gradle/caches/modules-2/files-2.1/org.springframework.boot/spring-boot-starter-webflux/2.0.5.RELEASE/c7ff5031bd64fd28320dd46780376da4852d44a8/spring-boot-starter-webflux-2.0.5.RELEASE.jar:/Users/ayesha/.gradle/caches/modules-2/files-2.1/org.springframework.boot/spring-boot-starter-test/2.0.5.RELEASE/ab04ca2e76f6a8e786001352a81a10e4b0e7fbc8/spring-boot-starter-test-2.0.5.RELEASE.jar:/Users/ayesha/.gradle/caches/modules-2/files-2.1/junit/junit/4.12/2973d150c0dc1fefe998f834810d68f278ea58ec/junit-4.12.jar:/Users/ayesha/.gradle/caches/modules-2/files-2.1/io.projectreactor/reactor-test/3.1.9.RELEASE/8a2432f326e8eccfbb9e9d6a01c988f535944656/reactor-test-3.1.9.RELEASE.jar:/Users/ayesha/.gradle/caches/modules-2/files-2.1/org.springframework.boot/spring-boot-starter-data-redis/2.0.5.RELEASE/c9db53292d9523ad038eb084f56951202c0e39bd/spring-boot-starter-data-redis-2.0.5.RELEASE.jar:/Users/ayesha/.gradle/caches/modules-2/files-2.1/org.springframework.boot/spring-boot-starter-json/2.0.5.RELEASE/d0052ded4733ceb1fb7d927238f22f9a92099227/spring-boot-starter-json-2.0.5.RELEASE.jar:/Users/ayesha/.gradle/caches/modules-2/files-2.1/org.springframework.boot/spring-boot-starter/2.0.5.RELEASE/1f53487a373be18d064a5815e9bac9882ef15cdc/spring-boot-starter-2.0.5.RELEASE.jar:/Users/ayesha/.gradle/caches/modules-2/files-2.1/org.springframework.boot/spring-boot-actuator-autoconfigure/2.0.5.RELEASE/b29cda343b80e9294646070a5e0d353c3f9f01d1/spring-boot-actuator-autoconfigure-2.0.5.RELEASE.jar:/Users/ayesha/.gradle/caches/modules-2/files-2.1/io.micrometer/micrometer-core/1.0.6/50299bc8a34c251d62311bbb1a297f3942a82e42/micrometer-core-1.0.6.jar:/Users/ayesha/.gradle/caches/modules-2/files-2.1/org.springframework.boot/spring-boot-starter-reactor-netty/2.0.5.RELEASE/baa5267f2780271176b2a8aba66bac3acb7c4c/spring-boot-starter-reactor-netty-2.0.5.RELEASE.jar:/Users/ayesha/.gradle/caches/modules-2/files-2.1/org.hibernate.validator/hibernate-validator/6.0.12.Final/478003e61b056c1f97840ba3e62ff31cdc89597/hibernate-validator-6.0.12.Final.jar:/Users/ayesha/.gradle/caches/modules-2/files-2.1/org.springframework/spring-webflux/5.0.9.RELEASE/18cb6f4030f08544155651eb362bcc2c6c3a666c/spring-webflux-5.0.9.RELEASE.jar:/Users/ayesha/.gradle/caches/modules-2/files-2.1/org.springframework/spring-web/5.0.9.RELEASE/1ea3aab93340849313fa74ec626ddaf1fff9ed8e/spring-web-5.0.9.RELEASE.jar:/Users/ayesha/.gradle/caches/modules-2/files-2.1/org.synchronoss.cloud/nio-multipart-parser/1.1.0/c6c417fec6612584b1c34d4dd98c5a4e47e8c754/nio-multipart-parser-1.1.0.jar:/Users/ayesha/.gradle/caches/modules-2/files-2.1/org.hamcrest/hamcrest-library/1.3/4785a3c21320980282f9f33d0d1264a69040538f/hamcrest-library-1.3.jar:/Users/ayesha/.gradle/caches/modules-2/files-2.1/org.hamcrest/hamcrest-core/1.3/42a25dc3219429f0e5d060061f71acb49bf010a0/hamcrest-core-1.3.jar:/Users/ayesha/.gradle/caches/modules-2/files-2.1/org.springframework.boot/spring-boot-test-autoconfigure/2.0.5.RELEASE/54d5e8f9e88c6236fe164474f0aed5a8a1052c43/spring-boot-test-autoconfigure-2.0.5.RELEASE.jar:/Users/ayesha/.gradle/caches/modules-2/files-2.1/org.springframework.boot/spring-boot-test/2.0.5.RELEASE/ce6353f33217982357a6bdba6576015ea333304c/spring-boot-test-2.0.5.RELEASE.jar:/Users/ayesha/.gradle/caches/modules-2/files-2.1/com.jayway.jsonpath/json-path/2.4.0/765a4401ceb2dc8d40553c2075eb80a8fa35c2ae/json-path-2.4.0.jar:/Users/ayesha/.gradle/caches/modules-2/files-2.1/org.assertj/assertj-core/3.9.1/c5ce126b15f28d56cd8f960c1a6a058b9c9aea87/assertj-core-3.9.1.jar:/Users/ayesha/.gradle/caches/modules-2/files-2.1/org.mockito/mockito-core/2.15.0/b84bfbbc29cd22c9529409627af6ea2897f4fa85/mockito-core-2.15.0.jar:/Users/ayesha/.gradle/caches/modules-2/files-2.1/org.skyscreamer/jsonassert/1.5.0/6c9d5fe2f59da598d9aefc1cfc6528ff3cf32df3/jsonassert-1.5.0.jar:/Users/ayesha/.gradle/caches/modules-2/files-2.1/org.springframework/spring-test/5.0.9.RELEASE/218c8648f898453be92d550252e0ce2a84b54375/spring-test-5.0.9.RELEASE.jar:/Users/ayesha/.gradle/caches/modules-2/files-2.1/org.springframework.boot/spring-boot-autoconfigure/2.0.5.RELEASE/e5588642799e0c0c04638e255c3d3f31ba400ff4/spring-boot-autoconfigure-2.0.5.RELEASE.jar:/Users/ayesha/.gradle/caches/modules-2/files-2.1/org.springframework.boot/spring-boot-actuator/2.0.5.RELEASE/7daa40cc91678aee37009b595c4cee4b05de3d68/spring-boot-actuator-2.0.5.RELEASE.jar:/Users/ayesha/.gradle/caches/modules-2/files-2.1/org.springframework.boot/spring-boot/2.0.5.RELEASE/19a4624cbd89a318d10c79f289c6c816043850fb/spring-boot-2.0.5.RELEASE.jar:/Users/ayesha/.gradle/caches/modules-2/files-2.1/org.springframework.data/spring-data-redis/2.0.10.RELEASE/bcfe73fc0b07e11cbdbe7c6c1793050f84669306/spring-data-redis-2.0.10.RELEASE.jar:/Users/ayesha/.gradle/caches/modules-2/files-2.1/org.springframework.data/spring-data-keyvalue/2.0.10.RELEASE/33a364f2b99977a096b95ca73052896f008feafd/spring-data-keyvalue-2.0.10.RELEASE.jar:/Users/ayesha/.gradle/caches/modules-2/files-2.1/org.springframework/spring-context-support/5.0.9.RELEASE/70513a5860ced0660834bc590b435fc7b73902ea/spring-context-support-5.0.9.RELEASE.jar:/Users/ayesha/.gradle/caches/modules-2/files-2.1/org.springframework/spring-context/5.0.9.RELEASE/2501e55acb6c2e84667cda3f845d1d00a0dc4e05/spring-context-5.0.9.RELEASE.jar:/Users/ayesha/.gradle/caches/modules-2/files-2.1/org.springframework/spring-aop/5.0.9.RELEASE/98003b099697fe46b6bdf18c7e3f66d7a1381060/spring-aop-5.0.9.RELEASE.jar:/Users/ayesha/.gradle/caches/modules-2/files-2.1/org.springframework/spring-tx/5.0.9.RELEASE/d3a13fc3c56bdddd8144a686ed64f0cdb3ad7305/spring-tx-5.0.9.RELEASE.jar:/Users/ayesha/.gradle/caches/modules-2/files-2.1/org.springframework/spring-oxm/5.0.9.RELEASE/917a7d5ef27fdd3dc523d191c7505677144d4ec7/spring-oxm-5.0.9.RELEASE.jar:/Users/ayesha/.gradle/caches/modules-2/files-2.1/org.springframework.data/spring-data-commons/2.0.10.RELEASE/64d4e58a2b16b9446d51a2650058d821a5bce98d/spring-data-commons-2.0.10.RELEASE.jar:/Users/ayesha/.gradle/caches/modules-2/files-2.1/org.springframework/spring-beans/5.0.9.RELEASE/65f56fdab1bb90ad059e314d2f2f4cf76f9bdbde/spring-beans-5.0.9.RELEASE.jar:/Users/ayesha/.gradle/caches/modules-2/files-2.1/org.springframework/spring-expression/5.0.9.RELEASE/1f9db5ff3a758102c0434cc3457aa47c50c39a4a/spring-expression-5.0.9.RELEASE.jar:/Users/ayesha/.gradle/caches/modules-2/files-2.1/org.springframework/spring-core/5.0.9.RELEASE/9f9a828936d81afd49a603bda9cc1aed863a0d85/spring-core-5.0.9.RELEASE.jar:/Users/ayesha/.gradle/caches/modules-2/files-2.1/org.xmlunit/xmlunit-core/2.5.1/4ffdb346572a7356f7521cd3119ce5287d2e339d/xmlunit-core-2.5.1.jar:/Users/ayesha/.gradle/caches/modules-2/files-2.1/io.lettuce/lettuce-core/5.0.5.RELEASE/d6263965c5dfa8c440940842e2bbfece0044b7f6/lettuce-core-5.0.5.RELEASE.jar:/Users/ayesha/.gradle/caches/modules-2/files-2.1/io.projectreactor.ipc/reactor-netty/0.7.9.RELEASE/7167a222a039cf93c5a7750ada171f6cf32fc4e3/reactor-netty-0.7.9.RELEASE.jar:/Users/ayesha/.gradle/caches/modules-2/files-2.1/io.projectreactor/reactor-core/3.1.9.RELEASE/5281f98208db5835c5b59c1e384602ea3ad05322/reactor-core-3.1.9.RELEASE.jar:/Users/ayesha/.gradle/caches/modules-2/files-2.1/org.springframework.boot/spring-boot-starter-logging/2.0.5.RELEASE/c353e0b9591d0765c687ff0a678478cbebfd5c23/spring-boot-starter-logging-2.0.5.RELEASE.jar:/Users/ayesha/.gradle/caches/modules-2/files-2.1/javax.annotation/javax.annotation-api/1.3.2/934c04d3cfef185a8008e7bf34331b79730a9d43/javax.annotation-api-1.3.2.jar:/Users/ayesha/.gradle/caches/modules-2/files-2.1/org.yaml/snakeyaml/1.19/2d998d3d674b172a588e54ab619854d073f555b5/snakeyaml-1.19.jar:/Users/ayesha/.gradle/caches/modules-2/files-2.1/com.fasterxml.jackson.datatype/jackson-datatype-jsr310/2.9.6/ea54f6193d224e5e5732bbd4262327eb465397c2/jackson-datatype-jsr310-2.9.6.jar:/Users/ayesha/.gradle/caches/modules-2/files-2.1/com.fasterxml.jackson.datatype/jackson-datatype-jdk8/2.9.6/456895fc91bf7180b216fead220373e6278230c9/jackson-datatype-jdk8-2.9.6.jar:/Users/ayesha/.gradle/caches/modules-2/files-2.1/com.fasterxml.jackson.module/jackson-module-parameter-names/2.9.6/129acd77a4b6ee30d62d3a0899b1344c8ec2bff8/jackson-module-parameter-names-2.9.6.jar:/Users/ayesha/.gradle/caches/modules-2/files-2.1/com.fasterxml.jackson.core/jackson-databind/2.9.6/cfa4f316351a91bfd95cb0644c6a2c95f52db1fc/jackson-databind-2.9.6.jar:/Users/ayesha/.gradle/caches/modules-2/files-2.1/org.hdrhistogram/HdrHistogram/2.1.10/9e1ac84eed220281841b75e72fb9de5a297fbf04/HdrHistogram-2.1.10.jar:/Users/ayesha/.gradle/caches/modules-2/files-2.1/org.latencyutils/LatencyUtils/2.0.3/769c0b82cb2421c8256300e907298a9410a2a3d3/LatencyUtils-2.0.3.jar:/Users/ayesha/.gradle/caches/modules-2/files-2.1/javax.validation/validation-api/2.0.1.Final/cb855558e6271b1b32e716d24cb85c7f583ce09e/validation-api-2.0.1.Final.jar:/Users/ayesha/.gradle/caches/modules-2/files-2.1/org.jboss.logging/jboss-logging/3.3.2.Final/3789d00e859632e6c6206adc0c71625559e6e3b0/jboss-logging-3.3.2.Final.jar:/Users/ayesha/.gradle/caches/modules-2/files-2.1/com.fasterxml/classmate/1.3.4/3d5f48f10bbe4eb7bd862f10c0583be2e0053c6/classmate-1.3.4.jar:/Users/ayesha/.gradle/caches/modules-2/files-2.1/org.synchronoss.cloud/nio-stream-storage/1.1.3/986dba5f6e5eed20f0dba6ddc8e8a64a9ebdc2f3/nio-stream-storage-1.1.3.jar:/Users/ayesha/.gradle/caches/modules-2/files-2.1/ch.qos.logback/logback-classic/1.2.3/7c4f3c474fb2c041d8028740440937705ebb473a/logback-classic-1.2.3.jar:/Users/ayesha/.gradle/caches/modules-2/files-2.1/org.apache.logging.log4j/log4j-to-slf4j/2.10.0/f7e631ccf49cfc0aefa4a2a728da7d374c05bd3c/log4j-to-slf4j-2.10.0.jar:/Users/ayesha/.gradle/caches/modules-2/files-2.1/org.slf4j/jul-to-slf4j/1.7.25/af5364cd6679bfffb114f0dec8a157aaa283b76/jul-to-slf4j-1.7.25.jar:/Users/ayesha/.gradle/caches/modules-2/files-2.1/org.slf4j/slf4j-api/1.7.25/da76ca59f6a57ee3102f8f9bd9cee742973efa8a/slf4j-api-1.7.25.jar:/Users/ayesha/.gradle/caches/modules-2/files-2.1/net.minidev/json-smart/2.3/7396407491352ce4fa30de92efb158adb76b5b/json-smart-2.3.jar:/Users/ayesha/.gradle/caches/modules-2/files-2.1/net.bytebuddy/byte-buddy/1.7.11/f02857a4e2c66ccbe7aaad6100a0a6c461bce9b3/byte-buddy-1.7.11.jar:/Users/ayesha/.gradle/caches/modules-2/files-2.1/net.bytebuddy/byte-buddy-agent/1.7.11/b425a8933ca07edd03c6dbc8bc3b595fba9780de/byte-buddy-agent-1.7.11.jar:/Users/ayesha/.gradle/caches/modules-2/files-2.1/org.objenesis/objenesis/2.6/639033469776fd37c08358c6b92a4761feb2af4b/objenesis-2.6.jar:/Users/ayesha/.gradle/caches/modules-2/files-2.1/com.vaadin.external.google/android-json/0.0.20131108.vaadin1/fa26d351fe62a6a17f5cda1287c1c6110dec413f/android-json-0.0.20131108.vaadin1.jar:/Users/ayesha/.gradle/caches/modules-2/files-2.1/org.springframework/spring-jcl/5.0.9.RELEASE/bc3b5aaae53f0bc03647e53ecbd98a05b47a4e90/spring-jcl-5.0.9.RELEASE.jar:/Users/ayesha/.gradle/caches/modules-2/files-2.1/org.reactivestreams/reactive-streams/1.0.2/323964c36556eb0e6209f65c1cef72b53b461ab8/reactive-streams-1.0.2.jar:/Users/ayesha/.gradle/caches/modules-2/files-2.1/com.fasterxml.jackson.core/jackson-annotations/2.9.0/7c10d545325e3a6e72e06381afe469fd40eb701/jackson-annotations-2.9.0.jar:/Users/ayesha/.gradle/caches/modules-2/files-2.1/com.fasterxml.jackson.core/jackson-core/2.9.6/4e393793c37c77e042ccc7be5a914ae39251b365/jackson-core-2.9.6.jar:/Users/ayesha/.gradle/caches/modules-2/files-2.1/io.netty/netty-transport-native-epoll/4.1.29.Final/6a6f8c47911c4f5af0ae210c4c0db17d971f553f/netty-transport-native-epoll-4.1.29.Final-linux-x86_64.jar:/Users/ayesha/.gradle/caches/modules-2/files-2.1/io.netty/netty-handler/4.1.29.Final/1acf1d94799296a2517533ec75ce7e155e9c4ea7/netty-handler-4.1.29.Final.jar:/Users/ayesha/.gradle/caches/modules-2/files-2.1/io.netty/netty-handler-proxy/4.1.29.Final/67e9473ac043b4d173ac9d620d43eb428ecc408a/netty-handler-proxy-4.1.29.Final.jar:/Users/ayesha/.gradle/caches/modules-2/files-2.1/io.netty/netty-codec-http/4.1.29.Final/454688b88cea27a4d407202d1fc79a6522345b5e/netty-codec-http-4.1.29.Final.jar:/Users/ayesha/.gradle/caches/modules-2/files-2.1/io.netty/netty-codec-socks/4.1.29.Final/f687150259de44f0ff7b37a449f1a1bf6f20e992/netty-codec-socks-4.1.29.Final.jar:/Users/ayesha/.gradle/caches/modules-2/files-2.1/io.netty/netty-codec/4.1.29.Final/1651bc2e279216773c234cafe402d68d2a5adc90/netty-codec-4.1.29.Final.jar:/Users/ayesha/.gradle/caches/modules-2/files-2.1/io.netty/netty-transport-native-unix-common/4.1.29.Final/9c9f88ca57873b3c00489ae74fb80bb0cd02d986/netty-transport-native-unix-common-4.1.29.Final.jar:/Users/ayesha/.gradle/caches/modules-2/files-2.1/io.netty/netty-transport/4.1.29.Final/c190b90f70e2ae8a48c068afad709e8728fcaa39/netty-transport-4.1.29.Final.jar:/Users/ayesha/.gradle/caches/modules-2/files-2.1/io.netty/netty-buffer/4.1.29.Final/c3809f72e4b535b343b7dfa3c0c8210dad2fa5ea/netty-buffer-4.1.29.Final.jar:/Users/ayesha/.gradle/caches/modules-2/files-2.1/io.netty/netty-resolver/4.1.29.Final/bbec1dc913732e4773893c14d795b15d6c1e878e/netty-resolver-4.1.29.Final.jar:/Users/ayesha/.gradle/caches/modules-2/files-2.1/io.netty/netty-common/4.1.29.Final/a5d6a735ed07d8f197daa48db7f097cfc971ee5e/netty-common-4.1.29.Final.jar:/Users/ayesha/.gradle/caches/modules-2/files-2.1/net.minidev/accessors-smart/1.2/c592b500269bfde36096641b01238a8350f8aa31/accessors-smart-1.2.jar:/Users/ayesha/.gradle/caches/modules-2/files-2.1/ch.qos.logback/logback-core/1.2.3/864344400c3d4d92dfeb0a305dc87d953677c03c/logback-core-1.2.3.jar:/Users/ayesha/.gradle/caches/modules-2/files-2.1/org.apache.logging.log4j/log4j-api/2.10.0/fec5797a55b786184a537abd39c3fa1449d752d6/log4j-api-2.10.0.jar:/Users/ayesha/.gradle/caches/modules-2/files-2.1/org.ow2.asm/asm/5.0.4/da08b8cce7bbf903602a25a3a163ae252435795/asm-5.0.4.jar, java.vm.vendor=Oracle Corporation, sun.arch.data.model=64, user.variant=, java.vendor.url=http://java.oracle.com/, user.timezone=Australia/Melbourne, os.name=Mac OS X, java.vm.specification.version=11, user.country=AU, sun.java.launcher=SUN_STANDARD, sun.boot.library.path=/Library/Java/JavaVirtualMachines/jdk-11.jdk/Contents/Home/lib, sun.java.command=worker.org.gradle.process.internal.worker.GradleWorkerMain 'Gradle Test Executor 1', http.nonProxyHosts=local|*.local|169.254/16|*.169.254/16, jdk.debug=release, sun.cpu.endian=little, user.home=/Users/ayesha, user.language=en, java.specification.vendor=Oracle Corporation, org.gradle.native=false, java.version.date=2018-09-25, java.home=/Library/Java/JavaVirtualMachines/jdk-11.jdk/Contents/Home, file.separator=/, java.vm.compressedOopsMode=Zero based, line.separator=
, java.specification.name=Java Platform API Specification, java.vm.specification.vendor=Oracle Corporation, java.awt.graphicsenv=sun.awt.CGraphicsEnvironment, sun.management.compiler=HotSpot 64-Bit Tiered Compilers, ftp.nonProxyHosts=local|*.local|169.254/16|*.169.254/16, java.runtime.version=11+28, user.name=ayesha, path.separator=:, os.version=10.14, java.runtime.name=Java(TM) SE Runtime Environment, file.encoding=UTF-8, java.vm.name=Java HotSpot(TM) 64-Bit Server VM, java.vendor.version=18.9, java.vendor.url.bug=http://bugreport.java.com/bugreport/, java.io.tmpdir=/var/folders/dh/xcs2nwsx147_lhq7678r2b980000gn/T/, java.version=11, user.dir=/Users/ayesha/dev/springboot-reactive-demo/spring-data-with-redis, os.arch=x86_64, java.vm.specification.name=Java Virtual Machine Specification, java.awt.printerjob=sun.lwawt.macosx.CPrinterJob, sun.os.patch.level=unknown, java.library.path=/Users/ayesha/Library/Java/Extensions:/Library/Java/Extensions:/Network/Library/Java/Extensions:/System/Library/Java/Extensions:/usr/lib/java:., java.vendor=Oracle Corporation, java.vm.info=mixed mode, java.vm.version=11+28, sun.io.unicode.encoding=UnicodeBig, java.class.version=55.0, socksNonProxyHosts=local|*.local|169.254/16|*.169.254/16}}, SystemEnvironmentPropertySource@763316902 {name='systemEnvironment', properties={APP_ICON_12693=/usr/local/Cellar/gradle/4.10.2/libexec/media/gradle.icns, PATH=/usr/local/bin:/usr/bin:/bin:/usr/sbin:/sbin:/home/username/bin:/usr/local/homebrew, JAVA_HOME=/Library/Java/JavaVirtualMachines/jdk-11.jdk/Contents/Home, APP_NAME_12693=Gradle, TERM=xterm-256color, LANG=en_AU.UTF-8, LOGNAME=ayesha, XPC_SERVICE_NAME=0, PWD=/Users/ayesha/dev/springboot-reactive-demo, TERM_PROGRAM_VERSION=421, SHELL=/bin/bash, TERM_PROGRAM=Apple_Terminal, JAVA_MAIN_CLASS_12705=worker.org.gradle.process.internal.worker.GradleWorkerMain, SECURITYSESSIONID=186ab, OLDPWD=/usr/local/Cellar/gradle/4.10.2/libexec, USER=ayesha, TMPDIR=/var/folders/dh/xcs2nwsx147_lhq7678r2b980000gn/T/, SSH_AUTH_SOCK=/private/tmp/com.apple.launchd.fB2gCKvbQR/Listeners, XPC_FLAGS=0x0, TERM_SESSION_ID=205BB986-9DB1-44C5-B3A8-215F70CD17E6, __CF_USER_TEXT_ENCODING=0x1F5:0x0:0xF, Apple_PubSub_Socket_Render=/private/tmp/com.apple.launchd.K9mhH8kp6U/Render, JAVA_MAIN_CLASS_12693=org.gradle.launcher.GradleMain, HOME=/Users/ayesha, SHLVL=1}}]
21:03:27.602 [Test worker] DEBUG org.springframework.test.context.support.TestPropertySourceUtils - Adding inlined properties to environment: {spring.jmx.enabled=false, org.springframework.boot.test.context.SpringBootTestContextBootstrapper=true, server.port=-1}
21:03:27.602 [Test worker] DEBUG org.springframework.core.env.StandardEnvironment - Adding PropertySource 'Inlined Test Properties' with highest search precedence

  .   ____          _            __ _ _
 /\\ / ___'_ __ _ _(_)_ __  __ _ \ \ \ \
( ( )\___ | '_ | '_| | '_ \/ _` | \ \ \ \
 \\/  ___)| |_)| | | | | || (_| |  ) ) ) )
  '  |____| .__|_| |_|_| |_\__, | / / / /
 =========|_|==============|___/=/_/_/_/
 :: Spring Boot ::        (v2.0.5.RELEASE)

2018-09-27 21:03:27.786  INFO 12705 --- [    Test worker] c.reactivespring.demo.ApplicationTests   : Starting ApplicationTests on Ayeshas-MBP.gateway with PID 12705 (started by ayesha in /Users/ayesha/dev/springboot-reactive-demo/spring-data-with-redis)
2018-09-27 21:03:27.787  INFO 12705 --- [    Test worker] c.reactivespring.demo.ApplicationTests   : No active profile set, falling back to default profiles: default
2018-09-27 21:03:27.810  INFO 12705 --- [    Test worker] r.c.GenericReactiveWebApplicationContext : Refreshing org.springframework.boot.web.reactive.context.GenericReactiveWebApplicationContext@741ca6a2: startup date [Thu Sep 27 21:03:27 AEST 2018]; root of context hierarchy
2018-09-27 21:03:28.263  INFO 12705 --- [    Test worker] .s.d.r.c.RepositoryConfigurationDelegate : Multiple Spring Data modules found, entering strict repository configuration mode!
2018-09-27 21:03:29.185  INFO 12705 --- [    Test worker] o.s.w.r.handler.SimpleUrlHandlerMapping  : Mapped URL path [/webjars/**] onto handler of type [class org.springframework.web.reactive.resource.ResourceWebHandler]
2018-09-27 21:03:29.186  INFO 12705 --- [    Test worker] o.s.w.r.handler.SimpleUrlHandlerMapping  : Mapped URL path [/**] onto handler of type [class org.springframework.web.reactive.resource.ResourceWebHandler]
2018-09-27 21:03:29.485  INFO 12705 --- [    Test worker] o.s.b.a.e.web.EndpointLinksResolver      : Exposing 2 endpoint(s) beneath base path '/actuator'
2018-09-27 21:03:29.496  INFO 12705 --- [    Test worker] .b.a.e.w.r.WebFluxEndpointHandlerMapping : Mapped "{[/actuator/health],methods=[GET],produces=[application/vnd.spring-boot.actuator.v2+json || application/json]}" onto public org.reactivestreams.Publisher<org.springframework.http.ResponseEntity<java.lang.Object>> org.springframework.boot.actuate.endpoint.web.reactive.AbstractWebFluxEndpointHandlerMapping$ReadOperationHandler.handle(org.springframework.web.server.ServerWebExchange)
2018-09-27 21:03:29.497  INFO 12705 --- [    Test worker] .b.a.e.w.r.WebFluxEndpointHandlerMapping : Mapped "{[/actuator/info],methods=[GET],produces=[application/vnd.spring-boot.actuator.v2+json || application/json]}" onto public org.reactivestreams.Publisher<org.springframework.http.ResponseEntity<java.lang.Object>> org.springframework.boot.actuate.endpoint.web.reactive.AbstractWebFluxEndpointHandlerMapping$ReadOperationHandler.handle(org.springframework.web.server.ServerWebExchange)
2018-09-27 21:03:29.498  INFO 12705 --- [    Test worker] .b.a.e.w.r.WebFluxEndpointHandlerMapping : Mapped "{[/actuator],methods=[GET],produces=[application/vnd.spring-boot.actuator.v2+json || application/json]}" onto protected java.util.Map<java.lang.String, java.util.Map<java.lang.String, org.springframework.boot.actuate.endpoint.web.Link>> org.springframework.boot.actuate.endpoint.web.reactive.WebFluxEndpointHandlerMapping.links(org.springframework.web.server.ServerWebExchange)
2018-09-27 21:03:29.527  INFO 12705 --- [    Test worker] o.s.w.r.r.m.a.ControllerMethodResolver   : Looking for @ControllerAdvice: org.springframework.boot.web.reactive.context.GenericReactiveWebApplicationContext@741ca6a2: startup date [Thu Sep 27 21:03:27 AEST 2018]; root of context hierarchy
2018-09-27 21:03:29.902  INFO 12705 --- [    Test worker] c.reactivespring.demo.ApplicationTests   : Started ApplicationTests in 2.293 seconds (JVM running for 3.008)
]]></system-out>
  <system-err><![CDATA[]]></system-err>
</testsuite>
